Arguments: 
  /opt/homebrew/Cellar/node/17.6.0/bin/node /opt/homebrew/Cellar/yarn/1.22.19/libexec/bin/yarn.js dev

PATH: 
  /Users/martifenosa/Development/google-cloud-sdk/bin:/opt/homebrew/bin:/opt/homebrew/sbin:/usr/local/bin:/usr/bin:/bin:/usr/sbin:/sbin:/Library/Apple/usr/bin

Yarn version: 
  1.22.19

Node version: 
  17.6.0

Platform: 
  darwin arm64

Trace: 
  SyntaxError: /Users/martifenosa/Development/projects/vera-rubin/backend/package.json: Unexpected token < in JSON at position 2
      at JSON.parse (<anonymous>)
      at /opt/homebrew/Cellar/yarn/1.22.19/libexec/lib/cli.js:1629:59
      at Generator.next (<anonymous>)
      at step (/opt/homebrew/Cellar/yarn/1.22.19/libexec/lib/cli.js:310:30)
      at /opt/homebrew/Cellar/yarn/1.22.19/libexec/lib/cli.js:321:13

npm manifest: 
  {
  <<<<<<< HEAD
  	"scripts": {
  		"dev": "docker-compose -f docker-compose-local-db.yml up"
  	},
  	"dependencies": {
  		"npm-run-all": "^4.1.5"
  	}
  =======
    "scripts": {
      "dev": "docker-compose -f docker-compose-local-db.yml up"
    },
    "dependencies": {
      "npm-run-all": "^4.1.5"
    }
  >>>>>>> feature/back-front-comms
  }

yarn manifest: 
  No manifest

Lockfile: 
  No lockfile
